

================================================================
== Vivado HLS Report for 'gemm_accel_full'
================================================================
* Date:           Sun May 15 22:23:14 2016

* Version:        2015.4 (Build 1412921 on Wed Nov 18 09:58:55 AM 2015)
* Project:        gemm_accel_full
* Solution:       solution
* Product family: zynq
* Target device:  xc7z020clg484-1


================================================================
== Performance Estimates
================================================================
+ Timing (ns): 
    * Summary: 
    +--------+-------+----------+------------+
    |  Clock | Target| Estimated| Uncertainty|
    +--------+-------+----------+------------+
    |ap_clk  |   5.95|      5.03|        0.74|
    +--------+-------+----------+------------+

+ Latency (clock cycles): 
    * Summary: 
    +------+------+------+------+---------+
    |   Latency   |   Interval  | Pipeline|
    |  min |  max |  min |  max |   Type  |
    +------+------+------+------+---------+
    |  2352|  2352|  2353|  2353|   none  |
    +------+------+------+------+---------+

    + Detail: 
        * Instance: 
        N/A

        * Loop: 
        +-------------------+------+------+----------+-----------+-----------+------+----------+
        |                   |   Latency   | Iteration|  Initiation Interval  | Trip |          |
        |     Loop Name     |  min |  max |  Latency |  achieved |   target  | Count| Pipelined|
        +-------------------+------+------+----------+-----------+-----------+------+----------+
        |- RowCopy_ColCopy  |  1030|  1030|         8|          1|          1|  1024|    yes   |
        |- Row_Col          |  1319|  1319|       297|          1|          1|  1024|    yes   |
        +-------------------+------+------+----------+-----------+-----------+------+----------+



================================================================
== Utilization Estimates
================================================================
* Summary: 
+-----------------+---------+-------+--------+-------+
|       Name      | BRAM_18K| DSP48E|   FF   |  LUT  |
+-----------------+---------+-------+--------+-------+
|DSP              |        -|      -|       -|      -|
|Expression       |        -|      -|       0|    134|
|FIFO             |        -|      -|       -|      -|
|Instance         |        -|    160|   15200|  23968|
|Memory           |       66|      -|       0|      0|
|Multiplexer      |        -|      -|       -|    327|
|Register         |        -|      -|    4654|    536|
+-----------------+---------+-------+--------+-------+
|Total            |       66|    160|   19854|  24965|
+-----------------+---------+-------+--------+-------+
|Available        |      280|    220|  106400|  53200|
+-----------------+---------+-------+--------+-------+
|Utilization (%)  |       23|     72|      18|     46|
+-----------------+---------+-------+--------+-------+

+ Detail: 
    * Instance: 
    +--------------------------------------------------+----------------------------------------------+---------+-------+-----+-----+
    |                     Instance                     |                    Module                    | BRAM_18K| DSP48E|  FF | LUT |
    +--------------------------------------------------+----------------------------------------------+---------+-------+-----+-----+
    |gemm_accel_full_fadd_32ns_32ns_32_9_full_dsp_U1   |gemm_accel_full_fadd_32ns_32ns_32_9_full_dsp  |        0|      2|  324|  424|
    |gemm_accel_full_fadd_32ns_32ns_32_9_full_dsp_U2   |gemm_accel_full_fadd_32ns_32ns_32_9_full_dsp  |        0|      2|  324|  424|
    |gemm_accel_full_fadd_32ns_32ns_32_9_full_dsp_U3   |gemm_accel_full_fadd_32ns_32ns_32_9_full_dsp  |        0|      2|  324|  424|
    |gemm_accel_full_fadd_32ns_32ns_32_9_full_dsp_U4   |gemm_accel_full_fadd_32ns_32ns_32_9_full_dsp  |        0|      2|  324|  424|
    |gemm_accel_full_fadd_32ns_32ns_32_9_full_dsp_U5   |gemm_accel_full_fadd_32ns_32ns_32_9_full_dsp  |        0|      2|  324|  424|
    |gemm_accel_full_fadd_32ns_32ns_32_9_full_dsp_U6   |gemm_accel_full_fadd_32ns_32ns_32_9_full_dsp  |        0|      2|  324|  424|
    |gemm_accel_full_fadd_32ns_32ns_32_9_full_dsp_U7   |gemm_accel_full_fadd_32ns_32ns_32_9_full_dsp  |        0|      2|  324|  424|
    |gemm_accel_full_fadd_32ns_32ns_32_9_full_dsp_U8   |gemm_accel_full_fadd_32ns_32ns_32_9_full_dsp  |        0|      2|  324|  424|
    |gemm_accel_full_fadd_32ns_32ns_32_9_full_dsp_U9   |gemm_accel_full_fadd_32ns_32ns_32_9_full_dsp  |        0|      2|  324|  424|
    |gemm_accel_full_fadd_32ns_32ns_32_9_full_dsp_U10  |gemm_accel_full_fadd_32ns_32ns_32_9_full_dsp  |        0|      2|  324|  424|
    |gemm_accel_full_fadd_32ns_32ns_32_9_full_dsp_U11  |gemm_accel_full_fadd_32ns_32ns_32_9_full_dsp  |        0|      2|  324|  424|
    |gemm_accel_full_fadd_32ns_32ns_32_9_full_dsp_U12  |gemm_accel_full_fadd_32ns_32ns_32_9_full_dsp  |        0|      2|  324|  424|
    |gemm_accel_full_fadd_32ns_32ns_32_9_full_dsp_U13  |gemm_accel_full_fadd_32ns_32ns_32_9_full_dsp  |        0|      2|  324|  424|
    |gemm_accel_full_fadd_32ns_32ns_32_9_full_dsp_U14  |gemm_accel_full_fadd_32ns_32ns_32_9_full_dsp  |        0|      2|  324|  424|
    |gemm_accel_full_fadd_32ns_32ns_32_9_full_dsp_U15  |gemm_accel_full_fadd_32ns_32ns_32_9_full_dsp  |        0|      2|  324|  424|
    |gemm_accel_full_fadd_32ns_32ns_32_9_full_dsp_U16  |gemm_accel_full_fadd_32ns_32ns_32_9_full_dsp  |        0|      2|  324|  424|
    |gemm_accel_full_fadd_32ns_32ns_32_9_full_dsp_U17  |gemm_accel_full_fadd_32ns_32ns_32_9_full_dsp  |        0|      2|  324|  424|
    |gemm_accel_full_fadd_32ns_32ns_32_9_full_dsp_U18  |gemm_accel_full_fadd_32ns_32ns_32_9_full_dsp  |        0|      2|  324|  424|
    |gemm_accel_full_fadd_32ns_32ns_32_9_full_dsp_U19  |gemm_accel_full_fadd_32ns_32ns_32_9_full_dsp  |        0|      2|  324|  424|
    |gemm_accel_full_fadd_32ns_32ns_32_9_full_dsp_U20  |gemm_accel_full_fadd_32ns_32ns_32_9_full_dsp  |        0|      2|  324|  424|
    |gemm_accel_full_fadd_32ns_32ns_32_9_full_dsp_U21  |gemm_accel_full_fadd_32ns_32ns_32_9_full_dsp  |        0|      2|  324|  424|
    |gemm_accel_full_fadd_32ns_32ns_32_9_full_dsp_U22  |gemm_accel_full_fadd_32ns_32ns_32_9_full_dsp  |        0|      2|  324|  424|
    |gemm_accel_full_fadd_32ns_32ns_32_9_full_dsp_U23  |gemm_accel_full_fadd_32ns_32ns_32_9_full_dsp  |        0|      2|  324|  424|
    |gemm_accel_full_fadd_32ns_32ns_32_9_full_dsp_U24  |gemm_accel_full_fadd_32ns_32ns_32_9_full_dsp  |        0|      2|  324|  424|
    |gemm_accel_full_fadd_32ns_32ns_32_9_full_dsp_U25  |gemm_accel_full_fadd_32ns_32ns_32_9_full_dsp  |        0|      2|  324|  424|
    |gemm_accel_full_fadd_32ns_32ns_32_9_full_dsp_U26  |gemm_accel_full_fadd_32ns_32ns_32_9_full_dsp  |        0|      2|  324|  424|
    |gemm_accel_full_fadd_32ns_32ns_32_9_full_dsp_U27  |gemm_accel_full_fadd_32ns_32ns_32_9_full_dsp  |        0|      2|  324|  424|
    |gemm_accel_full_fadd_32ns_32ns_32_9_full_dsp_U28  |gemm_accel_full_fadd_32ns_32ns_32_9_full_dsp  |        0|      2|  324|  424|
    |gemm_accel_full_fadd_32ns_32ns_32_9_full_dsp_U29  |gemm_accel_full_fadd_32ns_32ns_32_9_full_dsp  |        0|      2|  324|  424|
    |gemm_accel_full_fadd_32ns_32ns_32_9_full_dsp_U30  |gemm_accel_full_fadd_32ns_32ns_32_9_full_dsp  |        0|      2|  324|  424|
    |gemm_accel_full_fadd_32ns_32ns_32_9_full_dsp_U31  |gemm_accel_full_fadd_32ns_32ns_32_9_full_dsp  |        0|      2|  324|  424|
    |gemm_accel_full_fadd_32ns_32ns_32_9_full_dsp_U32  |gemm_accel_full_fadd_32ns_32ns_32_9_full_dsp  |        0|      2|  324|  424|
    |gemm_accel_full_fmul_32ns_32ns_32_5_max_dsp_U33   |gemm_accel_full_fmul_32ns_32ns_32_5_max_dsp   |        0|      3|  151|  325|
    |gemm_accel_full_fmul_32ns_32ns_32_5_max_dsp_U34   |gemm_accel_full_fmul_32ns_32ns_32_5_max_dsp   |        0|      3|  151|  325|
    |gemm_accel_full_fmul_32ns_32ns_32_5_max_dsp_U35   |gemm_accel_full_fmul_32ns_32ns_32_5_max_dsp   |        0|      3|  151|  325|
    |gemm_accel_full_fmul_32ns_32ns_32_5_max_dsp_U36   |gemm_accel_full_fmul_32ns_32ns_32_5_max_dsp   |        0|      3|  151|  325|
    |gemm_accel_full_fmul_32ns_32ns_32_5_max_dsp_U37   |gemm_accel_full_fmul_32ns_32ns_32_5_max_dsp   |        0|      3|  151|  325|
    |gemm_accel_full_fmul_32ns_32ns_32_5_max_dsp_U38   |gemm_accel_full_fmul_32ns_32ns_32_5_max_dsp   |        0|      3|  151|  325|
    |gemm_accel_full_fmul_32ns_32ns_32_5_max_dsp_U39   |gemm_accel_full_fmul_32ns_32ns_32_5_max_dsp   |        0|      3|  151|  325|
    |gemm_accel_full_fmul_32ns_32ns_32_5_max_dsp_U40   |gemm_accel_full_fmul_32ns_32ns_32_5_max_dsp   |        0|      3|  151|  325|
    |gemm_accel_full_fmul_32ns_32ns_32_5_max_dsp_U41   |gemm_accel_full_fmul_32ns_32ns_32_5_max_dsp   |        0|      3|  151|  325|
    |gemm_accel_full_fmul_32ns_32ns_32_5_max_dsp_U42   |gemm_accel_full_fmul_32ns_32ns_32_5_max_dsp   |        0|      3|  151|  325|
    |gemm_accel_full_fmul_32ns_32ns_32_5_max_dsp_U43   |gemm_accel_full_fmul_32ns_32ns_32_5_max_dsp   |        0|      3|  151|  325|
    |gemm_accel_full_fmul_32ns_32ns_32_5_max_dsp_U44   |gemm_accel_full_fmul_32ns_32ns_32_5_max_dsp   |        0|      3|  151|  325|
    |gemm_accel_full_fmul_32ns_32ns_32_5_max_dsp_U45   |gemm_accel_full_fmul_32ns_32ns_32_5_max_dsp   |        0|      3|  151|  325|
    |gemm_accel_full_fmul_32ns_32ns_32_5_max_dsp_U46   |gemm_accel_full_fmul_32ns_32ns_32_5_max_dsp   |        0|      3|  151|  325|
    |gemm_accel_full_fmul_32ns_32ns_32_5_max_dsp_U47   |gemm_accel_full_fmul_32ns_32ns_32_5_max_dsp   |        0|      3|  151|  325|
    |gemm_accel_full_fmul_32ns_32ns_32_5_max_dsp_U48   |gemm_accel_full_fmul_32ns_32ns_32_5_max_dsp   |        0|      3|  151|  325|
    |gemm_accel_full_fmul_32ns_32ns_32_5_max_dsp_U49   |gemm_accel_full_fmul_32ns_32ns_32_5_max_dsp   |        0|      3|  151|  325|
    |gemm_accel_full_fmul_32ns_32ns_32_5_max_dsp_U50   |gemm_accel_full_fmul_32ns_32ns_32_5_max_dsp   |        0|      3|  151|  325|
    |gemm_accel_full_fmul_32ns_32ns_32_5_max_dsp_U51   |gemm_accel_full_fmul_32ns_32ns_32_5_max_dsp   |        0|      3|  151|  325|
    |gemm_accel_full_fmul_32ns_32ns_32_5_max_dsp_U52   |gemm_accel_full_fmul_32ns_32ns_32_5_max_dsp   |        0|      3|  151|  325|
    |gemm_accel_full_fmul_32ns_32ns_32_5_max_dsp_U53   |gemm_accel_full_fmul_32ns_32ns_32_5_max_dsp   |        0|      3|  151|  325|
    |gemm_accel_full_fmul_32ns_32ns_32_5_max_dsp_U54   |gemm_accel_full_fmul_32ns_32ns_32_5_max_dsp   |        0|      3|  151|  325|
    |gemm_accel_full_fmul_32ns_32ns_32_5_max_dsp_U55   |gemm_accel_full_fmul_32ns_32ns_32_5_max_dsp   |        0|      3|  151|  325|
    |gemm_accel_full_fmul_32ns_32ns_32_5_max_dsp_U56   |gemm_accel_full_fmul_32ns_32ns_32_5_max_dsp   |        0|      3|  151|  325|
    |gemm_accel_full_fmul_32ns_32ns_32_5_max_dsp_U57   |gemm_accel_full_fmul_32ns_32ns_32_5_max_dsp   |        0|      3|  151|  325|
    |gemm_accel_full_fmul_32ns_32ns_32_5_max_dsp_U58   |gemm_accel_full_fmul_32ns_32ns_32_5_max_dsp   |        0|      3|  151|  325|
    |gemm_accel_full_fmul_32ns_32ns_32_5_max_dsp_U59   |gemm_accel_full_fmul_32ns_32ns_32_5_max_dsp   |        0|      3|  151|  325|
    |gemm_accel_full_fmul_32ns_32ns_32_5_max_dsp_U60   |gemm_accel_full_fmul_32ns_32ns_32_5_max_dsp   |        0|      3|  151|  325|
    |gemm_accel_full_fmul_32ns_32ns_32_5_max_dsp_U61   |gemm_accel_full_fmul_32ns_32ns_32_5_max_dsp   |        0|      3|  151|  325|
    |gemm_accel_full_fmul_32ns_32ns_32_5_max_dsp_U62   |gemm_accel_full_fmul_32ns_32ns_32_5_max_dsp   |        0|      3|  151|  325|
    |gemm_accel_full_fmul_32ns_32ns_32_5_max_dsp_U63   |gemm_accel_full_fmul_32ns_32ns_32_5_max_dsp   |        0|      3|  151|  325|
    |gemm_accel_full_fmul_32ns_32ns_32_5_max_dsp_U64   |gemm_accel_full_fmul_32ns_32ns_32_5_max_dsp   |        0|      3|  151|  325|
    +--------------------------------------------------+----------------------------------------------+---------+-------+-----+-----+
    |Total                                             |                                              |        0|    160|15200|23968|
    +--------------------------------------------------+----------------------------------------------+---------+-------+-----+-----+

    * DSP48: 
    N/A

    * Memory: 
    +------------+-------------------------+---------+---+----+------+-----+------+-------------+
    |   Memory   |          Module         | BRAM_18K| FF| LUT| Words| Bits| Banks| W*Bits*Banks|
    +------------+-------------------------+---------+---+----+------+-----+------+-------------+
    |A_buf_0_U   |gemm_accel_full_A_buf_0  |        2|  0|   0|    64|   32|     1|         2048|
    |A_buf_1_U   |gemm_accel_full_A_buf_0  |        2|  0|   0|    64|   32|     1|         2048|
    |A_buf_2_U   |gemm_accel_full_A_buf_0  |        2|  0|   0|    64|   32|     1|         2048|
    |A_buf_3_U   |gemm_accel_full_A_buf_0  |        2|  0|   0|    64|   32|     1|         2048|
    |A_buf_4_U   |gemm_accel_full_A_buf_0  |        2|  0|   0|    64|   32|     1|         2048|
    |A_buf_5_U   |gemm_accel_full_A_buf_0  |        2|  0|   0|    64|   32|     1|         2048|
    |A_buf_6_U   |gemm_accel_full_A_buf_0  |        2|  0|   0|    64|   32|     1|         2048|
    |A_buf_7_U   |gemm_accel_full_A_buf_0  |        2|  0|   0|    64|   32|     1|         2048|
    |A_buf_8_U   |gemm_accel_full_A_buf_0  |        2|  0|   0|    64|   32|     1|         2048|
    |A_buf_9_U   |gemm_accel_full_A_buf_0  |        2|  0|   0|    64|   32|     1|         2048|
    |A_buf_10_U  |gemm_accel_full_A_buf_0  |        2|  0|   0|    64|   32|     1|         2048|
    |A_buf_11_U  |gemm_accel_full_A_buf_0  |        2|  0|   0|    64|   32|     1|         2048|
    |A_buf_12_U  |gemm_accel_full_A_buf_0  |        2|  0|   0|    64|   32|     1|         2048|
    |A_buf_13_U  |gemm_accel_full_A_buf_0  |        2|  0|   0|    64|   32|     1|         2048|
    |A_buf_14_U  |gemm_accel_full_A_buf_0  |        2|  0|   0|    64|   32|     1|         2048|
    |A_buf_15_U  |gemm_accel_full_A_buf_0  |        2|  0|   0|    64|   32|     1|         2048|
    |B_buf_0_U   |gemm_accel_full_A_buf_0  |        2|  0|   0|    64|   32|     1|         2048|
    |B_buf_1_U   |gemm_accel_full_A_buf_0  |        2|  0|   0|    64|   32|     1|         2048|
    |B_buf_2_U   |gemm_accel_full_A_buf_0  |        2|  0|   0|    64|   32|     1|         2048|
    |B_buf_3_U   |gemm_accel_full_A_buf_0  |        2|  0|   0|    64|   32|     1|         2048|
    |B_buf_4_U   |gemm_accel_full_A_buf_0  |        2|  0|   0|    64|   32|     1|         2048|
    |B_buf_5_U   |gemm_accel_full_A_buf_0  |        2|  0|   0|    64|   32|     1|         2048|
    |B_buf_6_U   |gemm_accel_full_A_buf_0  |        2|  0|   0|    64|   32|     1|         2048|
    |B_buf_7_U   |gemm_accel_full_A_buf_0  |        2|  0|   0|    64|   32|     1|         2048|
    |B_buf_8_U   |gemm_accel_full_A_buf_0  |        2|  0|   0|    64|   32|     1|         2048|
    |B_buf_9_U   |gemm_accel_full_A_buf_0  |        2|  0|   0|    64|   32|     1|         2048|
    |B_buf_10_U  |gemm_accel_full_A_buf_0  |        2|  0|   0|    64|   32|     1|         2048|
    |B_buf_11_U  |gemm_accel_full_A_buf_0  |        2|  0|   0|    64|   32|     1|         2048|
    |B_buf_12_U  |gemm_accel_full_A_buf_0  |        2|  0|   0|    64|   32|     1|         2048|
    |B_buf_13_U  |gemm_accel_full_A_buf_0  |        2|  0|   0|    64|   32|     1|         2048|
    |B_buf_14_U  |gemm_accel_full_A_buf_0  |        2|  0|   0|    64|   32|     1|         2048|
    |B_buf_15_U  |gemm_accel_full_A_buf_0  |        2|  0|   0|    64|   32|     1|         2048|
    |C_buf_U     |gemm_accel_full_C_buf    |        2|  0|   0|  1024|   32|     1|        32768|
    +------------+-------------------------+---------+---+----+------+-----+------+-------------+
    |Total       |                         |       66|  0|   0|  3072| 1056|    33|        98304|
    +------------+-------------------------+---------+---+----+------+-----+------+-------------+

    * FIFO: 
    N/A

    * Expression: 
    +---------------------------------+----------+-------+---+----+------------+------------+
    |          Variable Name          | Operation| DSP48E| FF| LUT| Bitwidth P0| Bitwidth P1|
    +---------------------------------+----------+-------+---+----+------------+------------+
    |i_1_fu_1589_p2                   |     +    |      0|  0|   6|           1|           6|
    |i_2_fu_1713_p2                   |     +    |      0|  0|   6|           6|           1|
    |indvar_flatten_next1_fu_1707_p2  |     +    |      0|  0|  11|          11|           1|
    |indvar_flatten_next_fu_1549_p2   |     +    |      0|  0|  11|          11|           1|
    |j_1_fu_1583_p2                   |     +    |      0|  0|   6|           6|           1|
    |j_2_fu_1741_p2                   |     +    |      0|  0|   6|           6|           1|
    |tmp_15_fu_1805_p2                |     +    |      0|  0|   7|           7|           6|
    |tmp_16_fu_1777_p2                |     +    |      0|  0|  12|          12|          12|
    |tmp_2_fu_1664_p2                 |     +    |      0|  0|  12|          12|          12|
    |tmp_9_fu_1638_p2                 |     +    |      0|  0|   7|           7|           7|
    |i_0_i_mid2_fu_1733_p3            |  Select  |      0|  0|   6|           1|           6|
    |i_mid2_fu_1595_p3                |  Select  |      0|  0|   6|           1|           6|
    |j_0_i_mid2_fu_1725_p3            |  Select  |      0|  0|   6|           1|           1|
    |j_mid2_fu_1561_p3                |  Select  |      0|  0|   6|           1|           1|
    |ap_sig_bdd_692                   |    and   |      0|  0|   1|           1|           1|
    |exitcond1_i_fu_1719_p2           |   icmp   |      0|  0|   3|           6|           7|
    |exitcond_flatten1_fu_1701_p2     |   icmp   |      0|  0|   5|          11|          12|
    |exitcond_flatten_fu_1543_p2      |   icmp   |      0|  0|   5|          11|          12|
    |exitcond_fu_1555_p2              |   icmp   |      0|  0|   3|           6|           7|
    |ap_sig_bdd_74                    |    or    |      0|  0|   1|           1|           1|
    |tmp_12_fu_1788_p2                |    or    |      0|  0|   8|           7|           1|
    +---------------------------------+----------+-------+---+----+------------+------------+
    |Total                            |          |      0|  0| 134|         126|         103|
    +---------------------------------+----------+-------+---+----+------------+------------+

    * Multiplexer: 
    +--------------------------+----+-----------+-----+-----------+
    |           Name           | LUT| Input Size| Bits| Total Bits|
    +--------------------------+----+-----------+-----+-----------+
    |A_buf_0_address0          |   6|          3|    6|         18|
    |A_buf_10_address0         |   6|          3|    6|         18|
    |A_buf_11_address0         |   6|          3|    6|         18|
    |A_buf_12_address0         |   6|          3|    6|         18|
    |A_buf_13_address0         |   6|          3|    6|         18|
    |A_buf_14_address0         |   6|          3|    6|         18|
    |A_buf_15_address0         |   6|          3|    6|         18|
    |A_buf_1_address0          |   6|          3|    6|         18|
    |A_buf_2_address0          |   6|          3|    6|         18|
    |A_buf_3_address0          |   6|          3|    6|         18|
    |A_buf_4_address0          |   6|          3|    6|         18|
    |A_buf_5_address0          |   6|          3|    6|         18|
    |A_buf_6_address0          |   6|          3|    6|         18|
    |A_buf_7_address0          |   6|          3|    6|         18|
    |A_buf_8_address0          |   6|          3|    6|         18|
    |A_buf_9_address0          |   6|          3|    6|         18|
    |B_buf_0_address0          |   6|          3|    6|         18|
    |B_buf_10_address0         |   6|          3|    6|         18|
    |B_buf_11_address0         |   6|          3|    6|         18|
    |B_buf_12_address0         |   6|          3|    6|         18|
    |B_buf_13_address0         |   6|          3|    6|         18|
    |B_buf_14_address0         |   6|          3|    6|         18|
    |B_buf_15_address0         |   6|          3|    6|         18|
    |B_buf_1_address0          |   6|          3|    6|         18|
    |B_buf_2_address0          |   6|          3|    6|         18|
    |B_buf_3_address0          |   6|          3|    6|         18|
    |B_buf_4_address0          |   6|          3|    6|         18|
    |B_buf_5_address0          |   6|          3|    6|         18|
    |B_buf_6_address0          |   6|          3|    6|         18|
    |B_buf_7_address0          |   6|          3|    6|         18|
    |B_buf_8_address0          |   6|          3|    6|         18|
    |B_buf_9_address0          |   6|          3|    6|         18|
    |C_buf_address0            |  10|          3|   10|         30|
    |ap_NS_fsm                 |   1|          5|    1|          5|
    |ap_reg_ppiten_pp0_it7     |   1|          2|    1|          2|
    |ap_reg_ppiten_pp1_it296   |   1|          2|    1|          2|
    |grp_fu_1394_p0            |  32|          3|   32|         96|
    |grp_fu_1394_p1            |  32|          3|   32|         96|
    |i_0_i_phi_fu_1248_p4      |   6|          2|    6|         12|
    |i_0_i_reg_1244            |   6|          2|    6|         12|
    |i_phi_fu_1214_p4          |   6|          2|    6|         12|
    |i_reg_1210                |   6|          2|    6|         12|
    |indvar_flatten1_reg_1233  |  11|          2|   11|         22|
    |indvar_flatten_reg_1199   |  11|          2|   11|         22|
    |j_0_i_reg_1255            |   6|          2|    6|         12|
    |j_reg_1222                |   6|          2|    6|         12|
    +--------------------------+----+-----------+-----+-----------+
    |Total                     | 327|        130|  327|        923|
    +--------------------------+----+-----------+-----+-----------+

    * Register: 
    +--------------------------------------+----+----+-----+-----------+
    |                 Name                 | FF | LUT| Bits| Const Bits|
    +--------------------------------------+----+----+-----+-----------+
    |A_buf_0_load_1_reg_2046               |  32|   0|   32|          0|
    |A_buf_0_load_reg_1978                 |  32|   0|   32|          0|
    |A_buf_10_load_1_reg_2646              |  32|   0|   32|          0|
    |A_buf_10_load_reg_2616                |  32|   0|   32|          0|
    |A_buf_11_load_1_reg_2706              |  32|   0|   32|          0|
    |A_buf_11_load_reg_2676                |  32|   0|   32|          0|
    |A_buf_12_load_1_reg_2871              |  32|   0|   32|          0|
    |A_buf_12_load_reg_2766                |  32|   0|   32|          0|
    |A_buf_13_load_1_reg_2876              |  32|   0|   32|          0|
    |A_buf_13_load_reg_2771                |  32|   0|   32|          0|
    |A_buf_14_load_1_reg_2881              |  32|   0|   32|          0|
    |A_buf_14_load_reg_2776                |  32|   0|   32|          0|
    |A_buf_15_load_1_reg_2886              |  32|   0|   32|          0|
    |A_buf_15_load_reg_2781                |  32|   0|   32|          0|
    |A_buf_1_load_1_reg_2106               |  32|   0|   32|          0|
    |A_buf_1_load_reg_2076                 |  32|   0|   32|          0|
    |A_buf_2_load_1_reg_2166               |  32|   0|   32|          0|
    |A_buf_2_load_reg_2136                 |  32|   0|   32|          0|
    |A_buf_3_load_1_reg_2226               |  32|   0|   32|          0|
    |A_buf_3_load_reg_2196                 |  32|   0|   32|          0|
    |A_buf_4_load_1_reg_2286               |  32|   0|   32|          0|
    |A_buf_4_load_reg_2256                 |  32|   0|   32|          0|
    |A_buf_5_load_1_reg_2346               |  32|   0|   32|          0|
    |A_buf_5_load_reg_2316                 |  32|   0|   32|          0|
    |A_buf_6_load_1_reg_2406               |  32|   0|   32|          0|
    |A_buf_6_load_reg_2376                 |  32|   0|   32|          0|
    |A_buf_7_load_1_reg_2466               |  32|   0|   32|          0|
    |A_buf_7_load_reg_2436                 |  32|   0|   32|          0|
    |A_buf_8_load_1_reg_2526               |  32|   0|   32|          0|
    |A_buf_8_load_reg_2496                 |  32|   0|   32|          0|
    |A_buf_9_load_1_reg_2586               |  32|   0|   32|          0|
    |A_buf_9_load_reg_2556                 |  32|   0|   32|          0|
    |A_read_reg_1867                       |  32|   0|   32|          0|
    |B_buf_0_load_1_reg_2051               |  32|   0|   32|          0|
    |B_buf_0_load_reg_1983                 |  32|   0|   32|          0|
    |B_buf_10_load_1_reg_2651              |  32|   0|   32|          0|
    |B_buf_10_load_reg_2621                |  32|   0|   32|          0|
    |B_buf_11_load_1_reg_2711              |  32|   0|   32|          0|
    |B_buf_11_load_reg_2681                |  32|   0|   32|          0|
    |B_buf_12_load_1_reg_2891              |  32|   0|   32|          0|
    |B_buf_12_load_reg_2786                |  32|   0|   32|          0|
    |B_buf_13_load_1_reg_2896              |  32|   0|   32|          0|
    |B_buf_13_load_reg_2791                |  32|   0|   32|          0|
    |B_buf_14_load_1_reg_2901              |  32|   0|   32|          0|
    |B_buf_14_load_reg_2796                |  32|   0|   32|          0|
    |B_buf_15_load_1_reg_2906              |  32|   0|   32|          0|
    |B_buf_15_load_reg_2801                |  32|   0|   32|          0|
    |B_buf_1_load_1_reg_2111               |  32|   0|   32|          0|
    |B_buf_1_load_reg_2081                 |  32|   0|   32|          0|
    |B_buf_2_load_1_reg_2171               |  32|   0|   32|          0|
    |B_buf_2_load_reg_2141                 |  32|   0|   32|          0|
    |B_buf_3_load_1_reg_2231               |  32|   0|   32|          0|
    |B_buf_3_load_reg_2201                 |  32|   0|   32|          0|
    |B_buf_4_load_1_reg_2291               |  32|   0|   32|          0|
    |B_buf_4_load_reg_2261                 |  32|   0|   32|          0|
    |B_buf_5_load_1_reg_2351               |  32|   0|   32|          0|
    |B_buf_5_load_reg_2321                 |  32|   0|   32|          0|
    |B_buf_6_load_1_reg_2411               |  32|   0|   32|          0|
    |B_buf_6_load_reg_2381                 |  32|   0|   32|          0|
    |B_buf_7_load_1_reg_2471               |  32|   0|   32|          0|
    |B_buf_7_load_reg_2441                 |  32|   0|   32|          0|
    |B_buf_8_load_1_reg_2531               |  32|   0|   32|          0|
    |B_buf_8_load_reg_2501                 |  32|   0|   32|          0|
    |B_buf_9_load_1_reg_2591               |  32|   0|   32|          0|
    |B_buf_9_load_reg_2561                 |  32|   0|   32|          0|
    |B_read_reg_1872                       |  32|   0|   32|          0|
    |C_read_reg_1892                       |  32|   0|   32|          0|
    |ap_CS_fsm                             |   4|   0|    4|          0|
    |ap_reg_ppiten_pp0_it0                 |   1|   0|    1|          0|
    |ap_reg_ppiten_pp0_it1                 |   1|   0|    1|          0|
    |ap_reg_ppiten_pp0_it2                 |   1|   0|    1|          0|
    |ap_reg_ppiten_pp0_it3                 |   1|   0|    1|          0|
    |ap_reg_ppiten_pp0_it4                 |   1|   0|    1|          0|
    |ap_reg_ppiten_pp0_it5                 |   1|   0|    1|          0|
    |ap_reg_ppiten_pp0_it6                 |   1|   0|    1|          0|
    |ap_reg_ppiten_pp0_it7                 |   1|   0|    1|          0|
    |ap_reg_ppiten_pp1_it0                 |   1|   0|    1|          0|
    |ap_reg_ppiten_pp1_it1                 |   1|   0|    1|          0|
    |ap_reg_ppiten_pp1_it10                |   1|   0|    1|          0|
    |ap_reg_ppiten_pp1_it100               |   1|   0|    1|          0|
    |ap_reg_ppiten_pp1_it101               |   1|   0|    1|          0|
    |ap_reg_ppiten_pp1_it102               |   1|   0|    1|          0|
    |ap_reg_ppiten_pp1_it103               |   1|   0|    1|          0|
    |ap_reg_ppiten_pp1_it104               |   1|   0|    1|          0|
    |ap_reg_ppiten_pp1_it105               |   1|   0|    1|          0|
    |ap_reg_ppiten_pp1_it106               |   1|   0|    1|          0|
    |ap_reg_ppiten_pp1_it107               |   1|   0|    1|          0|
    |ap_reg_ppiten_pp1_it108               |   1|   0|    1|          0|
    |ap_reg_ppiten_pp1_it109               |   1|   0|    1|          0|
    |ap_reg_ppiten_pp1_it11                |   1|   0|    1|          0|
    |ap_reg_ppiten_pp1_it110               |   1|   0|    1|          0|
    |ap_reg_ppiten_pp1_it111               |   1|   0|    1|          0|
    |ap_reg_ppiten_pp1_it112               |   1|   0|    1|          0|
    |ap_reg_ppiten_pp1_it113               |   1|   0|    1|          0|
    |ap_reg_ppiten_pp1_it114               |   1|   0|    1|          0|
    |ap_reg_ppiten_pp1_it115               |   1|   0|    1|          0|
    |ap_reg_ppiten_pp1_it116               |   1|   0|    1|          0|
    |ap_reg_ppiten_pp1_it117               |   1|   0|    1|          0|
    |ap_reg_ppiten_pp1_it118               |   1|   0|    1|          0|
    |ap_reg_ppiten_pp1_it119               |   1|   0|    1|          0|
    |ap_reg_ppiten_pp1_it12                |   1|   0|    1|          0|
    |ap_reg_ppiten_pp1_it120               |   1|   0|    1|          0|
    |ap_reg_ppiten_pp1_it121               |   1|   0|    1|          0|
    |ap_reg_ppiten_pp1_it122               |   1|   0|    1|          0|
    |ap_reg_ppiten_pp1_it123               |   1|   0|    1|          0|
    |ap_reg_ppiten_pp1_it124               |   1|   0|    1|          0|
    |ap_reg_ppiten_pp1_it125               |   1|   0|    1|          0|
    |ap_reg_ppiten_pp1_it126               |   1|   0|    1|          0|
    |ap_reg_ppiten_pp1_it127               |   1|   0|    1|          0|
    |ap_reg_ppiten_pp1_it128               |   1|   0|    1|          0|
    |ap_reg_ppiten_pp1_it129               |   1|   0|    1|          0|
    |ap_reg_ppiten_pp1_it13                |   1|   0|    1|          0|
    |ap_reg_ppiten_pp1_it130               |   1|   0|    1|          0|
    |ap_reg_ppiten_pp1_it131               |   1|   0|    1|          0|
    |ap_reg_ppiten_pp1_it132               |   1|   0|    1|          0|
    |ap_reg_ppiten_pp1_it133               |   1|   0|    1|          0|
    |ap_reg_ppiten_pp1_it134               |   1|   0|    1|          0|
    |ap_reg_ppiten_pp1_it135               |   1|   0|    1|          0|
    |ap_reg_ppiten_pp1_it136               |   1|   0|    1|          0|
    |ap_reg_ppiten_pp1_it137               |   1|   0|    1|          0|
    |ap_reg_ppiten_pp1_it138               |   1|   0|    1|          0|
    |ap_reg_ppiten_pp1_it139               |   1|   0|    1|          0|
    |ap_reg_ppiten_pp1_it14                |   1|   0|    1|          0|
    |ap_reg_ppiten_pp1_it140               |   1|   0|    1|          0|
    |ap_reg_ppiten_pp1_it141               |   1|   0|    1|          0|
    |ap_reg_ppiten_pp1_it142               |   1|   0|    1|          0|
    |ap_reg_ppiten_pp1_it143               |   1|   0|    1|          0|
    |ap_reg_ppiten_pp1_it144               |   1|   0|    1|          0|
    |ap_reg_ppiten_pp1_it145               |   1|   0|    1|          0|
    |ap_reg_ppiten_pp1_it146               |   1|   0|    1|          0|
    |ap_reg_ppiten_pp1_it147               |   1|   0|    1|          0|
    |ap_reg_ppiten_pp1_it148               |   1|   0|    1|          0|
    |ap_reg_ppiten_pp1_it149               |   1|   0|    1|          0|
    |ap_reg_ppiten_pp1_it15                |   1|   0|    1|          0|
    |ap_reg_ppiten_pp1_it150               |   1|   0|    1|          0|
    |ap_reg_ppiten_pp1_it151               |   1|   0|    1|          0|
    |ap_reg_ppiten_pp1_it152               |   1|   0|    1|          0|
    |ap_reg_ppiten_pp1_it153               |   1|   0|    1|          0|
    |ap_reg_ppiten_pp1_it154               |   1|   0|    1|          0|
    |ap_reg_ppiten_pp1_it155               |   1|   0|    1|          0|
    |ap_reg_ppiten_pp1_it156               |   1|   0|    1|          0|
    |ap_reg_ppiten_pp1_it157               |   1|   0|    1|          0|
    |ap_reg_ppiten_pp1_it158               |   1|   0|    1|          0|
    |ap_reg_ppiten_pp1_it159               |   1|   0|    1|          0|
    |ap_reg_ppiten_pp1_it16                |   1|   0|    1|          0|
    |ap_reg_ppiten_pp1_it160               |   1|   0|    1|          0|
    |ap_reg_ppiten_pp1_it161               |   1|   0|    1|          0|
    |ap_reg_ppiten_pp1_it162               |   1|   0|    1|          0|
    |ap_reg_ppiten_pp1_it163               |   1|   0|    1|          0|
    |ap_reg_ppiten_pp1_it164               |   1|   0|    1|          0|
    |ap_reg_ppiten_pp1_it165               |   1|   0|    1|          0|
    |ap_reg_ppiten_pp1_it166               |   1|   0|    1|          0|
    |ap_reg_ppiten_pp1_it167               |   1|   0|    1|          0|
    |ap_reg_ppiten_pp1_it168               |   1|   0|    1|          0|
    |ap_reg_ppiten_pp1_it169               |   1|   0|    1|          0|
    |ap_reg_ppiten_pp1_it17                |   1|   0|    1|          0|
    |ap_reg_ppiten_pp1_it170               |   1|   0|    1|          0|
    |ap_reg_ppiten_pp1_it171               |   1|   0|    1|          0|
    |ap_reg_ppiten_pp1_it172               |   1|   0|    1|          0|
    |ap_reg_ppiten_pp1_it173               |   1|   0|    1|          0|
    |ap_reg_ppiten_pp1_it174               |   1|   0|    1|          0|
    |ap_reg_ppiten_pp1_it175               |   1|   0|    1|          0|
    |ap_reg_ppiten_pp1_it176               |   1|   0|    1|          0|
    |ap_reg_ppiten_pp1_it177               |   1|   0|    1|          0|
    |ap_reg_ppiten_pp1_it178               |   1|   0|    1|          0|
    |ap_reg_ppiten_pp1_it179               |   1|   0|    1|          0|
    |ap_reg_ppiten_pp1_it18                |   1|   0|    1|          0|
    |ap_reg_ppiten_pp1_it180               |   1|   0|    1|          0|
    |ap_reg_ppiten_pp1_it181               |   1|   0|    1|          0|
    |ap_reg_ppiten_pp1_it182               |   1|   0|    1|          0|
    |ap_reg_ppiten_pp1_it183               |   1|   0|    1|          0|
    |ap_reg_ppiten_pp1_it184               |   1|   0|    1|          0|
    |ap_reg_ppiten_pp1_it185               |   1|   0|    1|          0|
    |ap_reg_ppiten_pp1_it186               |   1|   0|    1|          0|
    |ap_reg_ppiten_pp1_it187               |   1|   0|    1|          0|
    |ap_reg_ppiten_pp1_it188               |   1|   0|    1|          0|
    |ap_reg_ppiten_pp1_it189               |   1|   0|    1|          0|
    |ap_reg_ppiten_pp1_it19                |   1|   0|    1|          0|
    |ap_reg_ppiten_pp1_it190               |   1|   0|    1|          0|
    |ap_reg_ppiten_pp1_it191               |   1|   0|    1|          0|
    |ap_reg_ppiten_pp1_it192               |   1|   0|    1|          0|
    |ap_reg_ppiten_pp1_it193               |   1|   0|    1|          0|
    |ap_reg_ppiten_pp1_it194               |   1|   0|    1|          0|
    |ap_reg_ppiten_pp1_it195               |   1|   0|    1|          0|
    |ap_reg_ppiten_pp1_it196               |   1|   0|    1|          0|
    |ap_reg_ppiten_pp1_it197               |   1|   0|    1|          0|
    |ap_reg_ppiten_pp1_it198               |   1|   0|    1|          0|
    |ap_reg_ppiten_pp1_it199               |   1|   0|    1|          0|
    |ap_reg_ppiten_pp1_it2                 |   1|   0|    1|          0|
    |ap_reg_ppiten_pp1_it20                |   1|   0|    1|          0|
    |ap_reg_ppiten_pp1_it200               |   1|   0|    1|          0|
    |ap_reg_ppiten_pp1_it201               |   1|   0|    1|          0|
    |ap_reg_ppiten_pp1_it202               |   1|   0|    1|          0|
    |ap_reg_ppiten_pp1_it203               |   1|   0|    1|          0|
    |ap_reg_ppiten_pp1_it204               |   1|   0|    1|          0|
    |ap_reg_ppiten_pp1_it205               |   1|   0|    1|          0|
    |ap_reg_ppiten_pp1_it206               |   1|   0|    1|          0|
    |ap_reg_ppiten_pp1_it207               |   1|   0|    1|          0|
    |ap_reg_ppiten_pp1_it208               |   1|   0|    1|          0|
    |ap_reg_ppiten_pp1_it209               |   1|   0|    1|          0|
    |ap_reg_ppiten_pp1_it21                |   1|   0|    1|          0|
    |ap_reg_ppiten_pp1_it210               |   1|   0|    1|          0|
    |ap_reg_ppiten_pp1_it211               |   1|   0|    1|          0|
    |ap_reg_ppiten_pp1_it212               |   1|   0|    1|          0|
    |ap_reg_ppiten_pp1_it213               |   1|   0|    1|          0|
    |ap_reg_ppiten_pp1_it214               |   1|   0|    1|          0|
    |ap_reg_ppiten_pp1_it215               |   1|   0|    1|          0|
    |ap_reg_ppiten_pp1_it216               |   1|   0|    1|          0|
    |ap_reg_ppiten_pp1_it217               |   1|   0|    1|          0|
    |ap_reg_ppiten_pp1_it218               |   1|   0|    1|          0|
    |ap_reg_ppiten_pp1_it219               |   1|   0|    1|          0|
    |ap_reg_ppiten_pp1_it22                |   1|   0|    1|          0|
    |ap_reg_ppiten_pp1_it220               |   1|   0|    1|          0|
    |ap_reg_ppiten_pp1_it221               |   1|   0|    1|          0|
    |ap_reg_ppiten_pp1_it222               |   1|   0|    1|          0|
    |ap_reg_ppiten_pp1_it223               |   1|   0|    1|          0|
    |ap_reg_ppiten_pp1_it224               |   1|   0|    1|          0|
    |ap_reg_ppiten_pp1_it225               |   1|   0|    1|          0|
    |ap_reg_ppiten_pp1_it226               |   1|   0|    1|          0|
    |ap_reg_ppiten_pp1_it227               |   1|   0|    1|          0|
    |ap_reg_ppiten_pp1_it228               |   1|   0|    1|          0|
    |ap_reg_ppiten_pp1_it229               |   1|   0|    1|          0|
    |ap_reg_ppiten_pp1_it23                |   1|   0|    1|          0|
    |ap_reg_ppiten_pp1_it230               |   1|   0|    1|          0|
    |ap_reg_ppiten_pp1_it231               |   1|   0|    1|          0|
    |ap_reg_ppiten_pp1_it232               |   1|   0|    1|          0|
    |ap_reg_ppiten_pp1_it233               |   1|   0|    1|          0|
    |ap_reg_ppiten_pp1_it234               |   1|   0|    1|          0|
    |ap_reg_ppiten_pp1_it235               |   1|   0|    1|          0|
    |ap_reg_ppiten_pp1_it236               |   1|   0|    1|          0|
    |ap_reg_ppiten_pp1_it237               |   1|   0|    1|          0|
    |ap_reg_ppiten_pp1_it238               |   1|   0|    1|          0|
    |ap_reg_ppiten_pp1_it239               |   1|   0|    1|          0|
    |ap_reg_ppiten_pp1_it24                |   1|   0|    1|          0|
    |ap_reg_ppiten_pp1_it240               |   1|   0|    1|          0|
    |ap_reg_ppiten_pp1_it241               |   1|   0|    1|          0|
    |ap_reg_ppiten_pp1_it242               |   1|   0|    1|          0|
    |ap_reg_ppiten_pp1_it243               |   1|   0|    1|          0|
    |ap_reg_ppiten_pp1_it244               |   1|   0|    1|          0|
    |ap_reg_ppiten_pp1_it245               |   1|   0|    1|          0|
    |ap_reg_ppiten_pp1_it246               |   1|   0|    1|          0|
    |ap_reg_ppiten_pp1_it247               |   1|   0|    1|          0|
    |ap_reg_ppiten_pp1_it248               |   1|   0|    1|          0|
    |ap_reg_ppiten_pp1_it249               |   1|   0|    1|          0|
    |ap_reg_ppiten_pp1_it25                |   1|   0|    1|          0|
    |ap_reg_ppiten_pp1_it250               |   1|   0|    1|          0|
    |ap_reg_ppiten_pp1_it251               |   1|   0|    1|          0|
    |ap_reg_ppiten_pp1_it252               |   1|   0|    1|          0|
    |ap_reg_ppiten_pp1_it253               |   1|   0|    1|          0|
    |ap_reg_ppiten_pp1_it254               |   1|   0|    1|          0|
    |ap_reg_ppiten_pp1_it255               |   1|   0|    1|          0|
    |ap_reg_ppiten_pp1_it256               |   1|   0|    1|          0|
    |ap_reg_ppiten_pp1_it257               |   1|   0|    1|          0|
    |ap_reg_ppiten_pp1_it258               |   1|   0|    1|          0|
    |ap_reg_ppiten_pp1_it259               |   1|   0|    1|          0|
    |ap_reg_ppiten_pp1_it26                |   1|   0|    1|          0|
    |ap_reg_ppiten_pp1_it260               |   1|   0|    1|          0|
    |ap_reg_ppiten_pp1_it261               |   1|   0|    1|          0|
    |ap_reg_ppiten_pp1_it262               |   1|   0|    1|          0|
    |ap_reg_ppiten_pp1_it263               |   1|   0|    1|          0|
    |ap_reg_ppiten_pp1_it264               |   1|   0|    1|          0|
    |ap_reg_ppiten_pp1_it265               |   1|   0|    1|          0|
    |ap_reg_ppiten_pp1_it266               |   1|   0|    1|          0|
    |ap_reg_ppiten_pp1_it267               |   1|   0|    1|          0|
    |ap_reg_ppiten_pp1_it268               |   1|   0|    1|          0|
    |ap_reg_ppiten_pp1_it269               |   1|   0|    1|          0|
    |ap_reg_ppiten_pp1_it27                |   1|   0|    1|          0|
    |ap_reg_ppiten_pp1_it270               |   1|   0|    1|          0|
    |ap_reg_ppiten_pp1_it271               |   1|   0|    1|          0|
    |ap_reg_ppiten_pp1_it272               |   1|   0|    1|          0|
    |ap_reg_ppiten_pp1_it273               |   1|   0|    1|          0|
    |ap_reg_ppiten_pp1_it274               |   1|   0|    1|          0|
    |ap_reg_ppiten_pp1_it275               |   1|   0|    1|          0|
    |ap_reg_ppiten_pp1_it276               |   1|   0|    1|          0|
    |ap_reg_ppiten_pp1_it277               |   1|   0|    1|          0|
    |ap_reg_ppiten_pp1_it278               |   1|   0|    1|          0|
    |ap_reg_ppiten_pp1_it279               |   1|   0|    1|          0|
    |ap_reg_ppiten_pp1_it28                |   1|   0|    1|          0|
    |ap_reg_ppiten_pp1_it280               |   1|   0|    1|          0|
    |ap_reg_ppiten_pp1_it281               |   1|   0|    1|          0|
    |ap_reg_ppiten_pp1_it282               |   1|   0|    1|          0|
    |ap_reg_ppiten_pp1_it283               |   1|   0|    1|          0|
    |ap_reg_ppiten_pp1_it284               |   1|   0|    1|          0|
    |ap_reg_ppiten_pp1_it285               |   1|   0|    1|          0|
    |ap_reg_ppiten_pp1_it286               |   1|   0|    1|          0|
    |ap_reg_ppiten_pp1_it287               |   1|   0|    1|          0|
    |ap_reg_ppiten_pp1_it288               |   1|   0|    1|          0|
    |ap_reg_ppiten_pp1_it289               |   1|   0|    1|          0|
    |ap_reg_ppiten_pp1_it29                |   1|   0|    1|          0|
    |ap_reg_ppiten_pp1_it290               |   1|   0|    1|          0|
    |ap_reg_ppiten_pp1_it291               |   1|   0|    1|          0|
    |ap_reg_ppiten_pp1_it292               |   1|   0|    1|          0|
    |ap_reg_ppiten_pp1_it293               |   1|   0|    1|          0|
    |ap_reg_ppiten_pp1_it294               |   1|   0|    1|          0|
    |ap_reg_ppiten_pp1_it295               |   1|   0|    1|          0|
    |ap_reg_ppiten_pp1_it296               |   1|   0|    1|          0|
    |ap_reg_ppiten_pp1_it3                 |   1|   0|    1|          0|
    |ap_reg_ppiten_pp1_it30                |   1|   0|    1|          0|
    |ap_reg_ppiten_pp1_it31                |   1|   0|    1|          0|
    |ap_reg_ppiten_pp1_it32                |   1|   0|    1|          0|
    |ap_reg_ppiten_pp1_it33                |   1|   0|    1|          0|
    |ap_reg_ppiten_pp1_it34                |   1|   0|    1|          0|
    |ap_reg_ppiten_pp1_it35                |   1|   0|    1|          0|
    |ap_reg_ppiten_pp1_it36                |   1|   0|    1|          0|
    |ap_reg_ppiten_pp1_it37                |   1|   0|    1|          0|
    |ap_reg_ppiten_pp1_it38                |   1|   0|    1|          0|
    |ap_reg_ppiten_pp1_it39                |   1|   0|    1|          0|
    |ap_reg_ppiten_pp1_it4                 |   1|   0|    1|          0|
    |ap_reg_ppiten_pp1_it40                |   1|   0|    1|          0|
    |ap_reg_ppiten_pp1_it41                |   1|   0|    1|          0|
    |ap_reg_ppiten_pp1_it42                |   1|   0|    1|          0|
    |ap_reg_ppiten_pp1_it43                |   1|   0|    1|          0|
    |ap_reg_ppiten_pp1_it44                |   1|   0|    1|          0|
    |ap_reg_ppiten_pp1_it45                |   1|   0|    1|          0|
    |ap_reg_ppiten_pp1_it46                |   1|   0|    1|          0|
    |ap_reg_ppiten_pp1_it47                |   1|   0|    1|          0|
    |ap_reg_ppiten_pp1_it48                |   1|   0|    1|          0|
    |ap_reg_ppiten_pp1_it49                |   1|   0|    1|          0|
    |ap_reg_ppiten_pp1_it5                 |   1|   0|    1|          0|
    |ap_reg_ppiten_pp1_it50                |   1|   0|    1|          0|
    |ap_reg_ppiten_pp1_it51                |   1|   0|    1|          0|
    |ap_reg_ppiten_pp1_it52                |   1|   0|    1|          0|
    |ap_reg_ppiten_pp1_it53                |   1|   0|    1|          0|
    |ap_reg_ppiten_pp1_it54                |   1|   0|    1|          0|
    |ap_reg_ppiten_pp1_it55                |   1|   0|    1|          0|
    |ap_reg_ppiten_pp1_it56                |   1|   0|    1|          0|
    |ap_reg_ppiten_pp1_it57                |   1|   0|    1|          0|
    |ap_reg_ppiten_pp1_it58                |   1|   0|    1|          0|
    |ap_reg_ppiten_pp1_it59                |   1|   0|    1|          0|
    |ap_reg_ppiten_pp1_it6                 |   1|   0|    1|          0|
    |ap_reg_ppiten_pp1_it60                |   1|   0|    1|          0|
    |ap_reg_ppiten_pp1_it61                |   1|   0|    1|          0|
    |ap_reg_ppiten_pp1_it62                |   1|   0|    1|          0|
    |ap_reg_ppiten_pp1_it63                |   1|   0|    1|          0|
    |ap_reg_ppiten_pp1_it64                |   1|   0|    1|          0|
    |ap_reg_ppiten_pp1_it65                |   1|   0|    1|          0|
    |ap_reg_ppiten_pp1_it66                |   1|   0|    1|          0|
    |ap_reg_ppiten_pp1_it67                |   1|   0|    1|          0|
    |ap_reg_ppiten_pp1_it68                |   1|   0|    1|          0|
    |ap_reg_ppiten_pp1_it69                |   1|   0|    1|          0|
    |ap_reg_ppiten_pp1_it7                 |   1|   0|    1|          0|
    |ap_reg_ppiten_pp1_it70                |   1|   0|    1|          0|
    |ap_reg_ppiten_pp1_it71                |   1|   0|    1|          0|
    |ap_reg_ppiten_pp1_it72                |   1|   0|    1|          0|
    |ap_reg_ppiten_pp1_it73                |   1|   0|    1|          0|
    |ap_reg_ppiten_pp1_it74                |   1|   0|    1|          0|
    |ap_reg_ppiten_pp1_it75                |   1|   0|    1|          0|
    |ap_reg_ppiten_pp1_it76                |   1|   0|    1|          0|
    |ap_reg_ppiten_pp1_it77                |   1|   0|    1|          0|
    |ap_reg_ppiten_pp1_it78                |   1|   0|    1|          0|
    |ap_reg_ppiten_pp1_it79                |   1|   0|    1|          0|
    |ap_reg_ppiten_pp1_it8                 |   1|   0|    1|          0|
    |ap_reg_ppiten_pp1_it80                |   1|   0|    1|          0|
    |ap_reg_ppiten_pp1_it81                |   1|   0|    1|          0|
    |ap_reg_ppiten_pp1_it82                |   1|   0|    1|          0|
    |ap_reg_ppiten_pp1_it83                |   1|   0|    1|          0|
    |ap_reg_ppiten_pp1_it84                |   1|   0|    1|          0|
    |ap_reg_ppiten_pp1_it85                |   1|   0|    1|          0|
    |ap_reg_ppiten_pp1_it86                |   1|   0|    1|          0|
    |ap_reg_ppiten_pp1_it87                |   1|   0|    1|          0|
    |ap_reg_ppiten_pp1_it88                |   1|   0|    1|          0|
    |ap_reg_ppiten_pp1_it89                |   1|   0|    1|          0|
    |ap_reg_ppiten_pp1_it9                 |   1|   0|    1|          0|
    |ap_reg_ppiten_pp1_it90                |   1|   0|    1|          0|
    |ap_reg_ppiten_pp1_it91                |   1|   0|    1|          0|
    |ap_reg_ppiten_pp1_it92                |   1|   0|    1|          0|
    |ap_reg_ppiten_pp1_it93                |   1|   0|    1|          0|
    |ap_reg_ppiten_pp1_it94                |   1|   0|    1|          0|
    |ap_reg_ppiten_pp1_it95                |   1|   0|    1|          0|
    |ap_reg_ppiten_pp1_it96                |   1|   0|    1|          0|
    |ap_reg_ppiten_pp1_it97                |   1|   0|    1|          0|
    |ap_reg_ppiten_pp1_it98                |   1|   0|    1|          0|
    |ap_reg_ppiten_pp1_it99                |   1|   0|    1|          0|
    |ap_reg_ppstg_j_mid2_reg_1835_pp0_it1  |   6|   0|    6|          0|
    |arrayNo1_cast_reg_1863                |   5|   0|    5|          0|
    |arrayNo_cast_reg_1841                 |   5|   0|    5|          0|
    |exitcond_flatten1_reg_1897            |   1|   0|    1|          0|
    |exitcond_flatten_reg_1821             |   1|   0|    1|          0|
    |exitcond_reg_1830                     |   1|   0|    1|          0|
    |i_0_i_mid2_reg_1913                   |   6|   0|    6|          0|
    |i_0_i_reg_1244                        |   6|   0|    6|          0|
    |i_mid2_reg_1855                       |   6|   0|    6|          0|
    |i_reg_1210                            |   6|   0|    6|          0|
    |indvar_flatten1_reg_1233              |  11|   0|   11|          0|
    |indvar_flatten_reg_1199               |  11|   0|   11|          0|
    |j_0_i_mid2_reg_1906                   |   6|   0|    6|          0|
    |j_0_i_reg_1255                        |   6|   0|    6|          0|
    |j_mid2_reg_1835                       |   6|   0|    6|          0|
    |j_reg_1222                            |   6|   0|    6|          0|
    |reg_1522                              |  32|   0|   32|          0|
    |res_10_reg_2361                       |  32|   0|   32|          0|
    |res_11_reg_2391                       |  32|   0|   32|          0|
    |res_12_reg_2421                       |  32|   0|   32|          0|
    |res_13_reg_2451                       |  32|   0|   32|          0|
    |res_14_reg_2481                       |  32|   0|   32|          0|
    |res_15_reg_2511                       |  32|   0|   32|          0|
    |res_16_reg_2541                       |  32|   0|   32|          0|
    |res_17_reg_2571                       |  32|   0|   32|          0|
    |res_18_reg_2601                       |  32|   0|   32|          0|
    |res_19_reg_2631                       |  32|   0|   32|          0|
    |res_1_reg_2061                        |  32|   0|   32|          0|
    |res_20_reg_2661                       |  32|   0|   32|          0|
    |res_21_reg_2691                       |  32|   0|   32|          0|
    |res_22_reg_2721                       |  32|   0|   32|          0|
    |res_23_reg_2811                       |  32|   0|   32|          0|
    |res_24_reg_2916                       |  32|   0|   32|          0|
    |res_25_reg_2816                       |  32|   0|   32|          0|
    |res_26_reg_2921                       |  32|   0|   32|          0|
    |res_27_reg_2821                       |  32|   0|   32|          0|
    |res_28_reg_2926                       |  32|   0|   32|          0|
    |res_29_reg_2826                       |  32|   0|   32|          0|
    |res_2_reg_2091                        |  32|   0|   32|          0|
    |res_30_reg_2931                       |  32|   0|   32|          0|
    |res_3_reg_2121                        |  32|   0|   32|          0|
    |res_4_reg_2151                        |  32|   0|   32|          0|
    |res_5_reg_2181                        |  32|   0|   32|          0|
    |res_6_reg_2211                        |  32|   0|   32|          0|
    |res_7_reg_2241                        |  32|   0|   32|          0|
    |res_8_reg_2271                        |  32|   0|   32|          0|
    |res_9_reg_2301                        |  32|   0|   32|          0|
    |res_s_reg_2331                        |  32|   0|   32|          0|
    |sum_1_10_reg_2386                     |  32|   0|   32|          0|
    |sum_1_11_reg_2416                     |  32|   0|   32|          0|
    |sum_1_12_reg_2446                     |  32|   0|   32|          0|
    |sum_1_13_reg_2476                     |  32|   0|   32|          0|
    |sum_1_14_reg_2506                     |  32|   0|   32|          0|
    |sum_1_15_reg_2536                     |  32|   0|   32|          0|
    |sum_1_16_reg_2566                     |  32|   0|   32|          0|
    |sum_1_17_reg_2596                     |  32|   0|   32|          0|
    |sum_1_18_reg_2626                     |  32|   0|   32|          0|
    |sum_1_19_reg_2656                     |  32|   0|   32|          0|
    |sum_1_1_reg_2086                      |  32|   0|   32|          0|
    |sum_1_20_reg_2686                     |  32|   0|   32|          0|
    |sum_1_21_reg_2716                     |  32|   0|   32|          0|
    |sum_1_22_reg_2806                     |  32|   0|   32|          0|
    |sum_1_23_reg_2911                     |  32|   0|   32|          0|
    |sum_1_24_reg_2936                     |  32|   0|   32|          0|
    |sum_1_25_reg_2941                     |  32|   0|   32|          0|
    |sum_1_26_reg_2946                     |  32|   0|   32|          0|
    |sum_1_27_reg_2951                     |  32|   0|   32|          0|
    |sum_1_28_reg_2956                     |  32|   0|   32|          0|
    |sum_1_29_reg_2961                     |  32|   0|   32|          0|
    |sum_1_2_reg_2116                      |  32|   0|   32|          0|
    |sum_1_30_reg_2966                     |  32|   0|   32|          0|
    |sum_1_3_reg_2146                      |  32|   0|   32|          0|
    |sum_1_4_reg_2176                      |  32|   0|   32|          0|
    |sum_1_5_reg_2206                      |  32|   0|   32|          0|
    |sum_1_6_reg_2236                      |  32|   0|   32|          0|
    |sum_1_7_reg_2266                      |  32|   0|   32|          0|
    |sum_1_8_reg_2296                      |  32|   0|   32|          0|
    |sum_1_9_reg_2326                      |  32|   0|   32|          0|
    |sum_1_reg_2056                        |  32|   0|   32|          0|
    |sum_1_s_reg_2356                      |  32|   0|   32|          0|
    |sum_reg_1993                          |  32|   0|   32|          0|
    |tmp_10_reg_1925                       |   6|   0|    7|          1|
    |tmp_11_reg_1930                       |   6|   0|   64|         58|
    |tmp_13_reg_1998                       |   6|   0|   64|         58|
    |tmp_19_cast_reg_2022                  |   7|   0|   64|         57|
    |tmp_3_reg_1845                        |   1|   0|    1|          0|
    |tmp_s_reg_1954                        |   6|   0|   64|         58|
    |arrayNo_cast_reg_1841                 |   0|   5|    5|          0|
    |exitcond_flatten1_reg_1897            |   0|  10|    1|          0|
    |exitcond_flatten_reg_1821             |   0|   1|    1|          0|
    |i_0_i_mid2_reg_1913                   |   0|   6|    6|          0|
    |i_mid2_reg_1855                       |   0|   6|    6|          0|
    |j_0_i_mid2_reg_1906                   |   0|   6|    6|          0|
    |res_25_reg_2816                       |   0|  32|   32|          0|
    |res_26_reg_2921                       |   0|  32|   32|          0|
    |res_27_reg_2821                       |   0|  64|   32|          0|
    |res_28_reg_2926                       |   0|  64|   32|          0|
    |res_29_reg_2826                       |   0|  64|   32|          0|
    |res_30_reg_2931                       |   0|  64|   32|          0|
    |tmp_10_reg_1925                       |   0|   6|    7|          1|
    |tmp_11_reg_1930                       |   0|  42|   64|         58|
    |tmp_13_reg_1998                       |   0|  42|   64|         58|
    |tmp_19_cast_reg_2022                  |   0|  49|   64|         57|
    |tmp_3_reg_1845                        |   0|   1|    1|          0|
    |tmp_s_reg_1954                        |   0|  42|   64|         58|
    +--------------------------------------+----+----+-----+-----------+
    |Total                                 |4654| 536| 5367|        464|
    +--------------------------------------+----+----+-----+-----------+



================================================================
== Interface
================================================================
* Summary: 
+-----------+-----+-----+------------+-----------------+--------------+
| RTL Ports | Dir | Bits|  Protocol  |  Source Object  |    C Type    |
+-----------+-----+-----+------------+-----------------+--------------+
|ap_clk     |  in |    1| ap_ctrl_hs | gemm_accel_full | return value |
|ap_rst_n   |  in |    1| ap_ctrl_hs | gemm_accel_full | return value |
|ap_start   |  in |    1| ap_ctrl_hs | gemm_accel_full | return value |
|ap_done    | out |    1| ap_ctrl_hs | gemm_accel_full | return value |
|ap_idle    | out |    1| ap_ctrl_hs | gemm_accel_full | return value |
|ap_ready   | out |    1| ap_ctrl_hs | gemm_accel_full | return value |
|A_dout     |  in |   32|   ap_fifo  |        A        |    pointer   |
|A_empty_n  |  in |    1|   ap_fifo  |        A        |    pointer   |
|A_read     | out |    1|   ap_fifo  |        A        |    pointer   |
|B_dout     |  in |   32|   ap_fifo  |        B        |    pointer   |
|B_empty_n  |  in |    1|   ap_fifo  |        B        |    pointer   |
|B_read     | out |    1|   ap_fifo  |        B        |    pointer   |
|C_dout     |  in |   32|   ap_fifo  |        C        |    pointer   |
|C_empty_n  |  in |    1|   ap_fifo  |        C        |    pointer   |
|C_read     | out |    1|   ap_fifo  |        C        |    pointer   |
|ALPHA      |  in |   32|   ap_none  |      ALPHA      |    scalar    |
|R_din      | out |   32|   ap_fifo  |        R        |    pointer   |
|R_full_n   |  in |    1|   ap_fifo  |        R        |    pointer   |
|R_write    | out |    1|   ap_fifo  |        R        |    pointer   |
+-----------+-----+-----+------------+-----------------+--------------+

